mode: atomic
github.com/ToQoz/gopwt/assert/assert.go:19.52,21.2 1 0
github.com/ToQoz/gopwt/assert/assert.go:23.78,24.8 1 3
github.com/ToQoz/gopwt/assert/assert.go:28.2,34.23 2 2
github.com/ToQoz/gopwt/assert/assert.go:41.2,41.14 1 2
github.com/ToQoz/gopwt/assert/assert.go:24.8,26.3 1 1
github.com/ToQoz/gopwt/assert/assert.go:34.23,36.30 2 1
github.com/ToQoz/gopwt/assert/assert.go:36.30,38.4 1 1
github.com/ToQoz/gopwt/assert/assert.go:47.57,49.2 1 0
github.com/ToQoz/gopwt/assert/assert.go:51.83,52.8 1 3
github.com/ToQoz/gopwt/assert/assert.go:56.2,62.23 2 2
github.com/ToQoz/gopwt/assert/assert.go:69.2,70.40 2 2
github.com/ToQoz/gopwt/assert/assert.go:52.8,54.3 1 1
github.com/ToQoz/gopwt/assert/assert.go:62.23,64.30 2 1
github.com/ToQoz/gopwt/assert/assert.go:64.30,66.4 1 1
github.com/ToQoz/gopwt/assert/assert.go:73.34,76.9 2 3
github.com/ToQoz/gopwt/assert/assert.go:80.2,81.16 2 3
github.com/ToQoz/gopwt/assert/assert.go:85.2,86.22 2 3
github.com/ToQoz/gopwt/assert/assert.go:90.2,90.63 1 3
github.com/ToQoz/gopwt/assert/assert.go:76.9,78.3 1 0
github.com/ToQoz/gopwt/assert/assert.go:81.16,83.3 1 0
github.com/ToQoz/gopwt/assert/assert.go:86.22,88.3 1 0
github.com/ToQoz/gopwt/translatedassert/assert.go:28.89,30.2 1 10
github.com/ToQoz/gopwt/translatedassert/assert.go:34.163,37.7 2 0
github.com/ToQoz/gopwt/translatedassert/assert.go:41.2,45.51 3 0
github.com/ToQoz/gopwt/translatedassert/assert.go:61.2,61.23 1 0
github.com/ToQoz/gopwt/translatedassert/assert.go:69.2,69.37 1 0
github.com/ToQoz/gopwt/translatedassert/assert.go:85.2,91.37 5 0
github.com/ToQoz/gopwt/translatedassert/assert.go:37.7,39.3 1 0
github.com/ToQoz/gopwt/translatedassert/assert.go:45.51,54.66 3 0
github.com/ToQoz/gopwt/translatedassert/assert.go:54.66,56.4 1 0
github.com/ToQoz/gopwt/translatedassert/assert.go:56.9,58.4 1 0
github.com/ToQoz/gopwt/translatedassert/assert.go:61.23,63.32 2 0
github.com/ToQoz/gopwt/translatedassert/assert.go:66.3,66.28 1 0
github.com/ToQoz/gopwt/translatedassert/assert.go:63.32,65.4 1 0
github.com/ToQoz/gopwt/translatedassert/assert.go:69.37,72.30 3 0
github.com/ToQoz/gopwt/translatedassert/assert.go:80.3,82.28 3 0
github.com/ToQoz/gopwt/translatedassert/assert.go:72.30,73.29 1 0
github.com/ToQoz/gopwt/translatedassert/assert.go:76.4,76.24 1 0
github.com/ToQoz/gopwt/translatedassert/assert.go:73.29,75.5 1 0
github.com/ToQoz/gopwt/translatedassert/assert.go:76.24,78.5 1 0
github.com/ToQoz/gopwt/translatedassert/assert.go:91.37,93.3 1 0
github.com/ToQoz/gopwt/translatedassert/assert.go:98.168,100.8 2 0
github.com/ToQoz/gopwt/translatedassert/assert.go:100.8,102.3 1 0
github.com/ToQoz/gopwt/translatedassert/assert.go:110.101,116.38 4 0
github.com/ToQoz/gopwt/translatedassert/assert.go:120.2,122.29 2 0
github.com/ToQoz/gopwt/translatedassert/assert.go:134.2,134.52 1 0
github.com/ToQoz/gopwt/translatedassert/assert.go:116.38,118.3 1 0
github.com/ToQoz/gopwt/translatedassert/assert.go:122.29,123.26 1 0
github.com/ToQoz/gopwt/translatedassert/assert.go:130.3,131.18 2 0
github.com/ToQoz/gopwt/translatedassert/assert.go:123.26,125.20 1 0
github.com/ToQoz/gopwt/translatedassert/assert.go:125.20,127.5 1 0
github.com/ToQoz/gopwt/translatedassert/assert.go:138.40,140.2 1 7
github.com/ToQoz/gopwt/translatedassert/assert.go:143.39,145.2 1 5
github.com/ToQoz/gopwt/translatedassert/assert.go:148.36,150.2 1 0
github.com/ToQoz/gopwt/translatedassert/assert.go:153.40,155.2 1 0
github.com/ToQoz/gopwt/translatedassert/assert.go:158.48,159.19 1 0
github.com/ToQoz/gopwt/translatedassert/assert.go:163.2,163.23 1 0
github.com/ToQoz/gopwt/translatedassert/assert.go:159.19,161.3 1 0
github.com/ToQoz/gopwt/translatedassert/assert.go:167.52,171.2 2 0
github.com/ToQoz/gopwt/translatedassert/assert.go:173.52,175.2 1 4
github.com/ToQoz/gopwt/translatedassert/assert.go:181.45,183.29 2 3
github.com/ToQoz/gopwt/translatedassert/assert.go:189.2,193.36 3 3
github.com/ToQoz/gopwt/translatedassert/assert.go:202.2,204.36 2 3
github.com/ToQoz/gopwt/translatedassert/assert.go:259.2,259.20 1 3
github.com/ToQoz/gopwt/translatedassert/assert.go:183.29,184.16 1 10
github.com/ToQoz/gopwt/translatedassert/assert.go:184.16,186.4 1 10
github.com/ToQoz/gopwt/translatedassert/assert.go:193.36,194.44 1 10
github.com/ToQoz/gopwt/translatedassert/assert.go:198.3,200.7 3 10
github.com/ToQoz/gopwt/translatedassert/assert.go:194.44,196.4 1 16
github.com/ToQoz/gopwt/translatedassert/assert.go:204.36,207.37 2 10
github.com/ToQoz/gopwt/translatedassert/assert.go:256.3,256.32 1 10
github.com/ToQoz/gopwt/translatedassert/assert.go:207.37,208.29 1 22
github.com/ToQoz/gopwt/translatedassert/assert.go:214.4,214.80 1 10
github.com/ToQoz/gopwt/translatedassert/assert.go:253.4,253.9 1 10
github.com/ToQoz/gopwt/translatedassert/assert.go:208.29,209.13 1 12
github.com/ToQoz/gopwt/translatedassert/assert.go:214.80,215.17 1 13
github.com/ToQoz/gopwt/translatedassert/assert.go:225.5,225.43 1 13
github.com/ToQoz/gopwt/translatedassert/assert.go:250.5,250.31 1 13
github.com/ToQoz/gopwt/translatedassert/assert.go:215.17,218.6 2 3
github.com/ToQoz/gopwt/translatedassert/assert.go:225.43,228.36 2 51
github.com/ToQoz/gopwt/translatedassert/assert.go:239.6,239.16 1 51
github.com/ToQoz/gopwt/translatedassert/assert.go:228.36,229.23 1 88
github.com/ToQoz/gopwt/translatedassert/assert.go:233.7,236.12 4 16
github.com/ToQoz/gopwt/translatedassert/assert.go:229.23,230.16 1 72
github.com/ToQoz/gopwt/translatedassert/assert.go:239.16,242.7 2 35
github.com/ToQoz/gopwt/translatedassert/assert.go:263.40,265.2 1 10
github.com/ToQoz/gopwt/translatedassert/assert.go:267.47,268.29 1 0
github.com/ToQoz/gopwt/translatedassert/assert.go:271.2,272.21 2 0
github.com/ToQoz/gopwt/translatedassert/assert.go:268.29,270.3 1 0
github.com/ToQoz/gopwt/translatedassert/assert.go:275.52,276.22 1 2
github.com/ToQoz/gopwt/translatedassert/assert.go:280.2,280.41 1 2
github.com/ToQoz/gopwt/translatedassert/assert.go:276.22,278.3 1 0
github.com/ToQoz/gopwt/translatedassert/assert.go:283.40,289.23 4 2
github.com/ToQoz/gopwt/translatedassert/assert.go:299.2,299.24 1 2
github.com/ToQoz/gopwt/translatedassert/assert.go:289.23,291.17 2 6
github.com/ToQoz/gopwt/translatedassert/assert.go:291.17,294.4 2 4
github.com/ToQoz/gopwt/translatedassert/assert.go:294.9,295.9 1 2
github.com/ToQoz/gopwt/translatedassert/builtin.go:26.59,28.22 2 1
github.com/ToQoz/gopwt/translatedassert/builtin.go:32.2,32.64 1 1
github.com/ToQoz/gopwt/translatedassert/builtin.go:28.22,30.3 1 1
github.com/ToQoz/gopwt/translatedassert/builtin.go:36.30,38.2 1 2
github.com/ToQoz/gopwt/translatedassert/builtin.go:41.49,42.18 1 4
github.com/ToQoz/gopwt/translatedassert/builtin.go:56.2,56.34 1 0
github.com/ToQoz/gopwt/translatedassert/builtin.go:43.15,45.9 2 1
github.com/ToQoz/gopwt/translatedassert/builtin.go:46.15,48.9 2 2
github.com/ToQoz/gopwt/translatedassert/builtin.go:49.11,53.9 4 1
github.com/ToQoz/gopwt/translatedassert/builtin.go:60.38,62.2 1 1
github.com/ToQoz/gopwt/translatedassert/builtin.go:65.39,66.18 1 2
github.com/ToQoz/gopwt/translatedassert/builtin.go:73.2,73.36 1 0
github.com/ToQoz/gopwt/translatedassert/builtin.go:67.17,68.29 1 1
github.com/ToQoz/gopwt/translatedassert/builtin.go:69.18,70.30 1 1
github.com/ToQoz/gopwt/translatedassert/builtin.go:77.30,79.2 1 1
github.com/ToQoz/gopwt/translatedassert/builtin.go:86.63,100.20 2 5
github.com/ToQoz/gopwt/translatedassert/builtin.go:143.2,143.58 1 0
github.com/ToQoz/gopwt/translatedassert/builtin.go:101.36,104.20 2 2
github.com/ToQoz/gopwt/translatedassert/builtin.go:108.3,108.33 1 2
github.com/ToQoz/gopwt/translatedassert/builtin.go:114.3,114.21 1 2
github.com/ToQoz/gopwt/translatedassert/builtin.go:124.3,124.56 1 2
github.com/ToQoz/gopwt/translatedassert/builtin.go:125.19,126.42 1 1
github.com/ToQoz/gopwt/translatedassert/builtin.go:127.20,130.21 2 2
github.com/ToQoz/gopwt/translatedassert/builtin.go:140.3,140.49 1 2
github.com/ToQoz/gopwt/translatedassert/builtin.go:104.20,105.64 1 0
github.com/ToQoz/gopwt/translatedassert/builtin.go:108.33,110.4 1 2
github.com/ToQoz/gopwt/translatedassert/builtin.go:110.9,111.75 1 0
github.com/ToQoz/gopwt/translatedassert/builtin.go:114.21,115.34 1 2
github.com/ToQoz/gopwt/translatedassert/builtin.go:115.34,117.5 1 2
github.com/ToQoz/gopwt/translatedassert/builtin.go:117.10,118.76 1 0
github.com/ToQoz/gopwt/translatedassert/builtin.go:120.9,122.4 1 0
github.com/ToQoz/gopwt/translatedassert/builtin.go:130.21,131.34 1 1
github.com/ToQoz/gopwt/translatedassert/builtin.go:131.34,133.5 1 1
github.com/ToQoz/gopwt/translatedassert/builtin.go:133.10,134.76 1 0
github.com/ToQoz/gopwt/translatedassert/builtin.go:136.9,138.4 1 1
github.com/ToQoz/gopwt/translatedassert/builtin.go:147.39,149.2 1 7
github.com/ToQoz/gopwt/translatedassert/builtin.go:152.39,153.18 1 2
github.com/ToQoz/gopwt/translatedassert/builtin.go:160.2,160.36 1 0
github.com/ToQoz/gopwt/translatedassert/builtin.go:154.17,155.29 1 1
github.com/ToQoz/gopwt/translatedassert/builtin.go:156.18,157.30 1 1
github.com/ToQoz/gopwt/translatedassert/diff.go:13.35,14.11 1 0
github.com/ToQoz/gopwt/translatedassert/diff.go:20.2,20.27 1 0
github.com/ToQoz/gopwt/translatedassert/diff.go:15.20,16.16 1 0
github.com/ToQoz/gopwt/translatedassert/diff.go:17.20,18.16 1 0
github.com/ToQoz/gopwt/translatedassert/diff.go:28.51,45.26 9 0
github.com/ToQoz/gopwt/translatedassert/diff.go:56.2,57.77 2 0
github.com/ToQoz/gopwt/translatedassert/diff.go:61.2,65.27 5 0
github.com/ToQoz/gopwt/translatedassert/diff.go:71.2,71.26 1 0
github.com/ToQoz/gopwt/translatedassert/diff.go:84.2,84.19 1 0
github.com/ToQoz/gopwt/translatedassert/diff.go:45.26,47.81 2 0
github.com/ToQoz/gopwt/translatedassert/diff.go:47.81,49.64 1 0
github.com/ToQoz/gopwt/translatedassert/diff.go:49.64,51.10 2 0
github.com/ToQoz/gopwt/translatedassert/diff.go:57.77,59.3 1 0
github.com/ToQoz/gopwt/translatedassert/diff.go:65.27,70.3 4 0
github.com/ToQoz/gopwt/translatedassert/diff.go:71.26,73.17 2 0
github.com/ToQoz/gopwt/translatedassert/diff.go:81.3,81.37 1 0
github.com/ToQoz/gopwt/translatedassert/diff.go:74.34,75.23 1 0
github.com/ToQoz/gopwt/translatedassert/diff.go:76.34,77.21 1 0
github.com/ToQoz/gopwt/translatedassert/diff.go:78.33,79.16 1 0
github.com/ToQoz/gopwt/translatedassert/diff.go:87.29,88.19 1 0
github.com/ToQoz/gopwt/translatedassert/diff.go:92.2,92.36 1 0
github.com/ToQoz/gopwt/translatedassert/diff.go:88.19,90.3 1 0
github.com/ToQoz/gopwt/translatedassert/diff.go:95.27,96.19 1 0
github.com/ToQoz/gopwt/translatedassert/diff.go:100.2,100.36 1 0
github.com/ToQoz/gopwt/translatedassert/diff.go:96.19,98.3 1 0
github.com/ToQoz/gopwt/translatedassert/diff.go:103.51,106.2 2 0
github.com/ToQoz/gopwt/translatedassert/diff.go:107.50,114.31 6 0
github.com/ToQoz/gopwt/translatedassert/diff.go:119.2,119.15 1 0
github.com/ToQoz/gopwt/translatedassert/diff.go:114.31,115.76 1 0
github.com/ToQoz/gopwt/translatedassert/diff.go:115.76,117.4 1 0
github.com/ToQoz/gopwt/translatedassert/op.go:4.38,6.2 1 1
github.com/ToQoz/gopwt/translatedassert/op.go:8.42,10.2 1 1
github.com/ToQoz/gopwt/translatedassert/op.go:12.46,14.2 1 1
github.com/ToQoz/gopwt/translatedassert/op.go:16.46,18.2 1 1
github.com/ToQoz/gopwt/translatedassert/op.go:20.46,22.2 1 1
github.com/ToQoz/gopwt/translatedassert/op.go:24.34,26.2 1 1
github.com/ToQoz/gopwt/translatedassert/op.go:28.38,30.2 1 1
github.com/ToQoz/gopwt/translatedassert/op.go:32.42,34.2 1 1
github.com/ToQoz/gopwt/translatedassert/op.go:36.42,38.2 1 1
github.com/ToQoz/gopwt/translatedassert/op.go:40.42,42.2 1 1
github.com/ToQoz/gopwt/translatedassert/op.go:44.50,46.2 1 1
github.com/ToQoz/gopwt/translatedassert/op.go:48.50,50.2 1 1
github.com/ToQoz/gopwt/translatedassert/op.go:52.58,54.2 1 1
github.com/ToQoz/gopwt/translatedassert/op.go:56.62,58.2 1 1
github.com/ToQoz/gopwt/translatedassert/op.go:60.38,62.2 1 1
github.com/ToQoz/gopwt/translatedassert/op.go:64.42,66.2 1 1
github.com/ToQoz/gopwt/translatedassert/op.go:68.46,70.2 1 1
github.com/ToQoz/gopwt/translatedassert/op.go:72.46,74.2 1 1
github.com/ToQoz/gopwt/translatedassert/op.go:76.46,78.2 1 1
github.com/ToQoz/gopwt/translatedassert/op.go:80.34,82.2 1 1
github.com/ToQoz/gopwt/translatedassert/op.go:84.38,86.2 1 1
github.com/ToQoz/gopwt/translatedassert/op.go:88.42,90.2 1 1
github.com/ToQoz/gopwt/translatedassert/op.go:92.42,94.2 1 1
github.com/ToQoz/gopwt/translatedassert/op.go:96.42,98.2 1 1
github.com/ToQoz/gopwt/translatedassert/op.go:100.50,102.2 1 1
github.com/ToQoz/gopwt/translatedassert/op.go:104.50,106.2 1 1
github.com/ToQoz/gopwt/translatedassert/op.go:108.58,110.2 1 1
github.com/ToQoz/gopwt/translatedassert/op.go:112.62,114.2 1 1
github.com/ToQoz/gopwt/translatedassert/op.go:116.38,118.2 1 1
github.com/ToQoz/gopwt/translatedassert/op.go:120.42,122.2 1 1
github.com/ToQoz/gopwt/translatedassert/op.go:124.46,126.2 1 1
github.com/ToQoz/gopwt/translatedassert/op.go:128.46,130.2 1 1
github.com/ToQoz/gopwt/translatedassert/op.go:132.46,134.2 1 1
github.com/ToQoz/gopwt/translatedassert/op.go:136.34,138.2 1 2
github.com/ToQoz/gopwt/translatedassert/op.go:140.38,142.2 1 2
github.com/ToQoz/gopwt/translatedassert/op.go:144.42,146.2 1 2
github.com/ToQoz/gopwt/translatedassert/op.go:148.42,150.2 1 2
github.com/ToQoz/gopwt/translatedassert/op.go:152.42,154.2 1 2
github.com/ToQoz/gopwt/translatedassert/op.go:156.50,158.2 1 1
github.com/ToQoz/gopwt/translatedassert/op.go:160.50,162.2 1 1
github.com/ToQoz/gopwt/translatedassert/op.go:164.58,166.2 1 1
github.com/ToQoz/gopwt/translatedassert/op.go:168.62,170.2 1 1
github.com/ToQoz/gopwt/translatedassert/op.go:172.46,174.2 1 1
github.com/ToQoz/gopwt/translatedassert/op.go:176.38,178.2 1 1
github.com/ToQoz/gopwt/translatedassert/op.go:180.42,182.2 1 1
github.com/ToQoz/gopwt/translatedassert/op.go:184.46,186.2 1 1
github.com/ToQoz/gopwt/translatedassert/op.go:188.46,190.2 1 1
github.com/ToQoz/gopwt/translatedassert/op.go:192.46,194.2 1 1
github.com/ToQoz/gopwt/translatedassert/op.go:196.34,198.2 1 10
github.com/ToQoz/gopwt/translatedassert/op.go:200.38,202.2 1 0
github.com/ToQoz/gopwt/translatedassert/op.go:204.42,206.2 1 0
github.com/ToQoz/gopwt/translatedassert/op.go:208.42,210.2 1 0
github.com/ToQoz/gopwt/translatedassert/op.go:212.42,214.2 1 0
github.com/ToQoz/gopwt/translatedassert/op.go:216.50,218.2 1 3
github.com/ToQoz/gopwt/translatedassert/op.go:220.50,222.2 1 10
github.com/ToQoz/gopwt/translatedassert/op.go:224.58,226.2 1 3
github.com/ToQoz/gopwt/translatedassert/op.go:228.62,230.2 1 11
github.com/ToQoz/gopwt/translatedassert/op.go:232.38,234.2 1 1
github.com/ToQoz/gopwt/translatedassert/op.go:235.42,237.2 1 1
github.com/ToQoz/gopwt/translatedassert/op.go:238.46,240.2 1 1
github.com/ToQoz/gopwt/translatedassert/op.go:241.46,243.2 1 1
github.com/ToQoz/gopwt/translatedassert/op.go:244.46,246.2 1 1
github.com/ToQoz/gopwt/translatedassert/op.go:247.34,249.2 1 2
github.com/ToQoz/gopwt/translatedassert/op.go:250.38,252.2 1 2
github.com/ToQoz/gopwt/translatedassert/op.go:253.42,255.2 1 2
github.com/ToQoz/gopwt/translatedassert/op.go:256.42,258.2 1 2
github.com/ToQoz/gopwt/translatedassert/op.go:259.42,261.2 1 2
github.com/ToQoz/gopwt/translatedassert/op.go:262.38,264.2 1 1
github.com/ToQoz/gopwt/translatedassert/op.go:266.42,268.2 1 1
github.com/ToQoz/gopwt/translatedassert/op.go:270.46,272.2 1 1
github.com/ToQoz/gopwt/translatedassert/op.go:274.46,276.2 1 1
github.com/ToQoz/gopwt/translatedassert/op.go:278.46,280.2 1 1
github.com/ToQoz/gopwt/translatedassert/op.go:282.34,284.2 1 1
github.com/ToQoz/gopwt/translatedassert/op.go:286.38,288.2 1 1
github.com/ToQoz/gopwt/translatedassert/op.go:290.42,292.2 1 1
github.com/ToQoz/gopwt/translatedassert/op.go:294.42,296.2 1 1
github.com/ToQoz/gopwt/translatedassert/op.go:298.42,300.2 1 1
github.com/ToQoz/gopwt/translatedassert/op.go:302.37,304.2 1 1
github.com/ToQoz/gopwt/translatedassert/op.go:306.41,308.2 1 1
github.com/ToQoz/gopwt/translatedassert/op.go:310.45,312.2 1 1
github.com/ToQoz/gopwt/translatedassert/op.go:314.45,316.2 1 1
github.com/ToQoz/gopwt/translatedassert/op.go:318.45,320.2 1 1
github.com/ToQoz/gopwt/translatedassert/op.go:322.33,324.2 1 1
github.com/ToQoz/gopwt/translatedassert/op.go:326.37,328.2 1 1
github.com/ToQoz/gopwt/translatedassert/op.go:330.41,332.2 1 1
github.com/ToQoz/gopwt/translatedassert/op.go:334.41,336.2 1 1
github.com/ToQoz/gopwt/translatedassert/op.go:338.41,340.2 1 1
github.com/ToQoz/gopwt/translatedassert/op.go:342.38,344.2 1 1
github.com/ToQoz/gopwt/translatedassert/op.go:346.42,348.2 1 1
github.com/ToQoz/gopwt/translatedassert/op.go:350.46,352.2 1 1
github.com/ToQoz/gopwt/translatedassert/op.go:354.46,356.2 1 1
github.com/ToQoz/gopwt/translatedassert/op.go:358.46,360.2 1 1
github.com/ToQoz/gopwt/translatedassert/op.go:362.34,364.2 1 1
github.com/ToQoz/gopwt/translatedassert/op.go:366.38,368.2 1 1
github.com/ToQoz/gopwt/translatedassert/op.go:370.42,372.2 1 1
github.com/ToQoz/gopwt/translatedassert/op.go:374.42,376.2 1 1
github.com/ToQoz/gopwt/translatedassert/op.go:378.42,380.2 1 1
github.com/ToQoz/gopwt/translatedassert/op.go:382.41,384.2 1 1
github.com/ToQoz/gopwt/translatedassert/op.go:385.45,387.2 1 1
github.com/ToQoz/gopwt/translatedassert/op.go:388.49,390.2 1 1
github.com/ToQoz/gopwt/translatedassert/op.go:391.49,393.2 1 1
github.com/ToQoz/gopwt/translatedassert/op.go:394.49,396.2 1 1
github.com/ToQoz/gopwt/translatedassert/op.go:397.37,399.2 1 2
github.com/ToQoz/gopwt/translatedassert/op.go:400.41,402.2 1 2
github.com/ToQoz/gopwt/translatedassert/op.go:403.45,405.2 1 2
github.com/ToQoz/gopwt/translatedassert/op.go:406.45,408.2 1 2
github.com/ToQoz/gopwt/translatedassert/op.go:409.45,411.2 1 2
github.com/ToQoz/gopwt/translatedassert/op.go:412.43,414.2 1 1
github.com/ToQoz/gopwt/translatedassert/op.go:416.45,418.2 1 1
github.com/ToQoz/gopwt/translatedassert/op.go:420.47,422.2 1 1
github.com/ToQoz/gopwt/translatedassert/op.go:424.47,426.2 1 1
github.com/ToQoz/gopwt/translatedassert/op.go:428.47,430.2 1 1
github.com/ToQoz/gopwt/translatedassert/op.go:432.46,434.2 1 0
github.com/ToQoz/gopwt/translatedassert/op.go:436.48,438.2 1 1
github.com/ToQoz/gopwt/translatedassert/op.go:440.50,442.2 1 1
github.com/ToQoz/gopwt/translatedassert/op.go:444.50,446.2 1 1
github.com/ToQoz/gopwt/translatedassert/op.go:448.50,450.2 1 1
github.com/ToQoz/gopwt/translatedassert/op.go:452.49,454.2 1 0
github.com/ToQoz/gopwt/translatedassert/op.go:456.51,458.2 1 1
github.com/ToQoz/gopwt/translatedassert/op.go:460.53,462.2 1 1
github.com/ToQoz/gopwt/translatedassert/op.go:464.53,466.2 1 1
github.com/ToQoz/gopwt/translatedassert/op.go:468.53,470.2 1 1
github.com/ToQoz/gopwt/translatedassert/op.go:472.49,474.2 1 0
github.com/ToQoz/gopwt/translatedassert/op.go:476.51,478.2 1 1
github.com/ToQoz/gopwt/translatedassert/op.go:480.53,482.2 1 1
github.com/ToQoz/gopwt/translatedassert/op.go:484.53,486.2 1 1
github.com/ToQoz/gopwt/translatedassert/op.go:488.53,490.2 1 1
github.com/ToQoz/gopwt/translatedassert/op.go:492.49,494.2 1 0
github.com/ToQoz/gopwt/translatedassert/op.go:496.51,498.2 1 1
github.com/ToQoz/gopwt/translatedassert/op.go:500.53,502.2 1 1
github.com/ToQoz/gopwt/translatedassert/op.go:504.53,506.2 1 1
github.com/ToQoz/gopwt/translatedassert/op.go:508.53,510.2 1 1
github.com/ToQoz/gopwt/translatedassert/op.go:512.40,514.2 1 4
github.com/ToQoz/gopwt/translatedassert/op.go:516.42,518.2 1 1
github.com/ToQoz/gopwt/translatedassert/op.go:520.44,522.2 1 1
github.com/ToQoz/gopwt/translatedassert/op.go:524.44,526.2 1 1
github.com/ToQoz/gopwt/translatedassert/op.go:528.44,530.2 1 1
github.com/ToQoz/gopwt/translatedassert/op.go:532.43,534.2 1 0
github.com/ToQoz/gopwt/translatedassert/op.go:536.45,538.2 1 1
github.com/ToQoz/gopwt/translatedassert/op.go:540.47,542.2 1 1
github.com/ToQoz/gopwt/translatedassert/op.go:544.47,546.2 1 1
github.com/ToQoz/gopwt/translatedassert/op.go:548.47,550.2 1 1
github.com/ToQoz/gopwt/translatedassert/op.go:552.46,554.2 1 0
github.com/ToQoz/gopwt/translatedassert/op.go:556.48,558.2 1 1
github.com/ToQoz/gopwt/translatedassert/op.go:560.50,562.2 1 1
github.com/ToQoz/gopwt/translatedassert/op.go:564.50,566.2 1 1
github.com/ToQoz/gopwt/translatedassert/op.go:568.50,570.2 1 1
github.com/ToQoz/gopwt/translatedassert/op.go:572.46,574.2 1 0
github.com/ToQoz/gopwt/translatedassert/op.go:576.48,578.2 1 1
github.com/ToQoz/gopwt/translatedassert/op.go:580.50,582.2 1 1
github.com/ToQoz/gopwt/translatedassert/op.go:584.50,586.2 1 1
github.com/ToQoz/gopwt/translatedassert/op.go:588.50,590.2 1 1
github.com/ToQoz/gopwt/translatedassert/op.go:592.46,594.2 1 0
github.com/ToQoz/gopwt/translatedassert/op.go:596.48,598.2 1 1
github.com/ToQoz/gopwt/translatedassert/op.go:600.50,602.2 1 1
github.com/ToQoz/gopwt/translatedassert/op.go:604.50,606.2 1 1
github.com/ToQoz/gopwt/translatedassert/op.go:608.50,610.2 1 1
github.com/ToQoz/gopwt/translatedassert/op.go:612.43,614.2 1 1
github.com/ToQoz/gopwt/translatedassert/op.go:616.45,618.2 1 2
github.com/ToQoz/gopwt/translatedassert/op.go:620.47,622.2 1 1
github.com/ToQoz/gopwt/translatedassert/op.go:624.47,626.2 1 1
github.com/ToQoz/gopwt/translatedassert/op.go:628.47,630.2 1 1
github.com/ToQoz/gopwt/translatedassert/op.go:632.46,634.2 1 0
github.com/ToQoz/gopwt/translatedassert/op.go:636.48,638.2 1 1
github.com/ToQoz/gopwt/translatedassert/op.go:640.50,642.2 1 1
github.com/ToQoz/gopwt/translatedassert/op.go:644.50,646.2 1 1
github.com/ToQoz/gopwt/translatedassert/op.go:648.50,650.2 1 1
github.com/ToQoz/gopwt/translatedassert/op.go:652.49,654.2 1 0
github.com/ToQoz/gopwt/translatedassert/op.go:656.51,658.2 1 1
github.com/ToQoz/gopwt/translatedassert/op.go:660.53,662.2 1 1
github.com/ToQoz/gopwt/translatedassert/op.go:664.53,666.2 1 1
github.com/ToQoz/gopwt/translatedassert/op.go:668.53,670.2 1 1
github.com/ToQoz/gopwt/translatedassert/op.go:672.49,674.2 1 0
github.com/ToQoz/gopwt/translatedassert/op.go:676.51,678.2 1 1
github.com/ToQoz/gopwt/translatedassert/op.go:680.53,682.2 1 1
github.com/ToQoz/gopwt/translatedassert/op.go:684.53,686.2 1 1
github.com/ToQoz/gopwt/translatedassert/op.go:688.53,690.2 1 1
github.com/ToQoz/gopwt/translatedassert/op.go:692.49,694.2 1 0
github.com/ToQoz/gopwt/translatedassert/op.go:696.51,698.2 1 1
github.com/ToQoz/gopwt/translatedassert/op.go:700.53,702.2 1 1
github.com/ToQoz/gopwt/translatedassert/op.go:704.53,706.2 1 1
github.com/ToQoz/gopwt/translatedassert/op.go:708.53,710.2 1 1
github.com/ToQoz/gopwt/translatedassert/op.go:712.40,714.2 1 1
github.com/ToQoz/gopwt/translatedassert/op.go:716.42,718.2 1 1
github.com/ToQoz/gopwt/translatedassert/op.go:720.44,722.2 1 1
github.com/ToQoz/gopwt/translatedassert/op.go:724.44,726.2 1 1
github.com/ToQoz/gopwt/translatedassert/op.go:728.44,730.2 1 1
github.com/ToQoz/gopwt/translatedassert/op.go:732.43,734.2 1 0
github.com/ToQoz/gopwt/translatedassert/op.go:736.45,738.2 1 1
github.com/ToQoz/gopwt/translatedassert/op.go:740.47,742.2 1 1
github.com/ToQoz/gopwt/translatedassert/op.go:744.47,746.2 1 1
github.com/ToQoz/gopwt/translatedassert/op.go:748.47,750.2 1 1
github.com/ToQoz/gopwt/translatedassert/op.go:752.46,754.2 1 0
github.com/ToQoz/gopwt/translatedassert/op.go:756.48,758.2 1 1
github.com/ToQoz/gopwt/translatedassert/op.go:760.50,762.2 1 1
github.com/ToQoz/gopwt/translatedassert/op.go:764.50,766.2 1 1
github.com/ToQoz/gopwt/translatedassert/op.go:768.50,770.2 1 1
github.com/ToQoz/gopwt/translatedassert/op.go:772.46,774.2 1 0
github.com/ToQoz/gopwt/translatedassert/op.go:776.48,778.2 1 1
github.com/ToQoz/gopwt/translatedassert/op.go:780.50,782.2 1 1
github.com/ToQoz/gopwt/translatedassert/op.go:784.50,786.2 1 1
github.com/ToQoz/gopwt/translatedassert/op.go:788.50,790.2 1 1
github.com/ToQoz/gopwt/translatedassert/op.go:792.46,794.2 1 0
github.com/ToQoz/gopwt/translatedassert/op.go:796.48,798.2 1 1
github.com/ToQoz/gopwt/translatedassert/op.go:800.50,802.2 1 1
github.com/ToQoz/gopwt/translatedassert/op.go:804.50,806.2 1 1
github.com/ToQoz/gopwt/translatedassert/op.go:808.50,810.2 1 1
github.com/ToQoz/gopwt/translatedassert/op.go:812.38,814.2 1 4
github.com/ToQoz/gopwt/translatedassert/op.go:816.39,818.2 1 4
github.com/ToQoz/gopwt/translatedassert/op_wrapper.go:34.52,41.38 6 158
github.com/ToQoz/gopwt/translatedassert/op_wrapper.go:47.2,47.68 1 0
github.com/ToQoz/gopwt/translatedassert/op_wrapper.go:50.2,50.32 1 158
github.com/ToQoz/gopwt/translatedassert/op_wrapper.go:77.2,80.38 4 158
github.com/ToQoz/gopwt/translatedassert/op_wrapper.go:87.2,87.54 1 145
github.com/ToQoz/gopwt/translatedassert/op_wrapper.go:41.38,42.25 1 1509
github.com/ToQoz/gopwt/translatedassert/op_wrapper.go:42.25,44.19 2 158
github.com/ToQoz/gopwt/translatedassert/op_wrapper.go:50.32,51.15 1 14
github.com/ToQoz/gopwt/translatedassert/op_wrapper.go:51.15,52.18 1 8
github.com/ToQoz/gopwt/translatedassert/op_wrapper.go:52.18,54.5 1 4
github.com/ToQoz/gopwt/translatedassert/op_wrapper.go:54.10,56.5 1 4
github.com/ToQoz/gopwt/translatedassert/op_wrapper.go:58.8,58.38 1 144
github.com/ToQoz/gopwt/translatedassert/op_wrapper.go:58.38,59.15 1 6
github.com/ToQoz/gopwt/translatedassert/op_wrapper.go:59.15,60.18 1 2
github.com/ToQoz/gopwt/translatedassert/op_wrapper.go:60.18,62.5 1 1
github.com/ToQoz/gopwt/translatedassert/op_wrapper.go:62.10,64.5 1 1
github.com/ToQoz/gopwt/translatedassert/op_wrapper.go:66.8,66.63 1 138
github.com/ToQoz/gopwt/translatedassert/op_wrapper.go:66.63,67.15 1 19
github.com/ToQoz/gopwt/translatedassert/op_wrapper.go:67.15,68.18 1 8
github.com/ToQoz/gopwt/translatedassert/op_wrapper.go:68.18,70.5 1 4
github.com/ToQoz/gopwt/translatedassert/op_wrapper.go:70.10,72.5 1 4
github.com/ToQoz/gopwt/translatedassert/op_wrapper.go:80.38,82.3 1 5
github.com/ToQoz/gopwt/translatedassert/op_wrapper.go:82.8,82.27 1 153
github.com/ToQoz/gopwt/translatedassert/op_wrapper.go:82.27,84.3 1 4
github.com/ToQoz/gopwt/translatedassert/op_wrapper.go:84.8,84.27 1 149
github.com/ToQoz/gopwt/translatedassert/op_wrapper.go:84.27,86.3 1 4
github.com/ToQoz/gopwt/translatedassert/op_wrapper.go:90.57,93.19 3 88
github.com/ToQoz/gopwt/translatedassert/op_wrapper.go:100.2,105.38 4 88
github.com/ToQoz/gopwt/translatedassert/op_wrapper.go:113.2,113.54 1 85
github.com/ToQoz/gopwt/translatedassert/op_wrapper.go:94.11,95.38 1 1
github.com/ToQoz/gopwt/translatedassert/op_wrapper.go:96.10,97.26 1 87
github.com/ToQoz/gopwt/translatedassert/op_wrapper.go:105.38,107.3 1 1
github.com/ToQoz/gopwt/translatedassert/op_wrapper.go:107.8,107.27 1 87
github.com/ToQoz/gopwt/translatedassert/op_wrapper.go:107.27,109.3 1 1
github.com/ToQoz/gopwt/translatedassert/op_wrapper.go:109.8,109.27 1 86
github.com/ToQoz/gopwt/translatedassert/op_wrapper.go:109.27,111.3 1 1
github.com/ToQoz/gopwt/translatedassert/op_wrapper.go:116.43,117.18 1 10
github.com/ToQoz/gopwt/translatedassert/op_wrapper.go:134.2,134.57 1 0
github.com/ToQoz/gopwt/translatedassert/op_wrapper.go:118.15,119.42 1 0
github.com/ToQoz/gopwt/translatedassert/op_wrapper.go:120.15,121.33 1 2
github.com/ToQoz/gopwt/translatedassert/op_wrapper.go:122.11,123.38 1 8
github.com/ToQoz/gopwt/translatedassert/op_wrapper.go:124.12,125.39 1 0
github.com/ToQoz/gopwt/translatedassert/op_wrapper.go:126.13,127.40 1 0
github.com/ToQoz/gopwt/translatedassert/op_wrapper.go:128.13,129.40 1 0
github.com/ToQoz/gopwt/translatedassert/op_wrapper.go:130.13,131.40 1 0
github.com/ToQoz/gopwt/translatedassert/unary_op.go:8.44,9.18 1 14
github.com/ToQoz/gopwt/translatedassert/unary_op.go:39.2,39.61 1 0
github.com/ToQoz/gopwt/translatedassert/unary_op.go:10.13,11.20 1 1
github.com/ToQoz/gopwt/translatedassert/unary_op.go:12.14,13.21 1 1
github.com/ToQoz/gopwt/translatedassert/unary_op.go:14.14,15.21 1 1
github.com/ToQoz/gopwt/translatedassert/unary_op.go:16.14,17.21 1 1
github.com/ToQoz/gopwt/translatedassert/unary_op.go:18.12,19.19 1 1
github.com/ToQoz/gopwt/translatedassert/unary_op.go:20.12,21.19 1 1
github.com/ToQoz/gopwt/translatedassert/unary_op.go:22.13,23.20 1 1
github.com/ToQoz/gopwt/translatedassert/unary_op.go:24.13,25.20 1 1
github.com/ToQoz/gopwt/translatedassert/unary_op.go:26.13,27.20 1 1
github.com/ToQoz/gopwt/translatedassert/unary_op.go:28.11,29.18 1 1
github.com/ToQoz/gopwt/translatedassert/unary_op.go:30.15,31.22 1 1
github.com/ToQoz/gopwt/translatedassert/unary_op.go:32.15,33.22 1 1
github.com/ToQoz/gopwt/translatedassert/unary_op.go:34.17,35.24 1 1
github.com/ToQoz/gopwt/translatedassert/unary_op.go:36.18,37.25 1 1
github.com/ToQoz/gopwt/translatedassert/unary_op.go:43.44,44.18 1 14
github.com/ToQoz/gopwt/translatedassert/unary_op.go:74.2,74.61 1 0
github.com/ToQoz/gopwt/translatedassert/unary_op.go:45.13,46.20 1 1
github.com/ToQoz/gopwt/translatedassert/unary_op.go:47.14,48.21 1 1
github.com/ToQoz/gopwt/translatedassert/unary_op.go:49.14,50.21 1 1
github.com/ToQoz/gopwt/translatedassert/unary_op.go:51.14,52.21 1 1
github.com/ToQoz/gopwt/translatedassert/unary_op.go:53.12,54.19 1 1
github.com/ToQoz/gopwt/translatedassert/unary_op.go:55.12,56.19 1 1
github.com/ToQoz/gopwt/translatedassert/unary_op.go:57.13,58.20 1 1
github.com/ToQoz/gopwt/translatedassert/unary_op.go:59.13,60.20 1 1
github.com/ToQoz/gopwt/translatedassert/unary_op.go:61.13,62.20 1 1
github.com/ToQoz/gopwt/translatedassert/unary_op.go:63.11,64.18 1 1
github.com/ToQoz/gopwt/translatedassert/unary_op.go:65.15,66.22 1 1
github.com/ToQoz/gopwt/translatedassert/unary_op.go:67.15,68.22 1 1
github.com/ToQoz/gopwt/translatedassert/unary_op.go:69.17,70.24 1 1
github.com/ToQoz/gopwt/translatedassert/unary_op.go:71.18,72.25 1 1
github.com/ToQoz/gopwt/translatedassert/unary_op.go:78.44,79.18 1 2
github.com/ToQoz/gopwt/translatedassert/unary_op.go:83.2,83.33 1 0
github.com/ToQoz/gopwt/translatedassert/unary_op.go:80.12,81.19 1 2
github.com/ToQoz/gopwt/translatedassert/unary_op.go:87.44,88.18 1 12
github.com/ToQoz/gopwt/translatedassert/unary_op.go:110.2,110.37 1 0
github.com/ToQoz/gopwt/translatedassert/unary_op.go:89.13,90.20 1 1
github.com/ToQoz/gopwt/translatedassert/unary_op.go:91.14,92.21 1 1
github.com/ToQoz/gopwt/translatedassert/unary_op.go:93.14,94.21 1 1
github.com/ToQoz/gopwt/translatedassert/unary_op.go:95.14,96.21 1 1
github.com/ToQoz/gopwt/translatedassert/unary_op.go:97.12,98.19 1 1
github.com/ToQoz/gopwt/translatedassert/unary_op.go:99.12,100.19 1 1
github.com/ToQoz/gopwt/translatedassert/unary_op.go:101.13,102.20 1 1
github.com/ToQoz/gopwt/translatedassert/unary_op.go:103.13,104.20 1 1
github.com/ToQoz/gopwt/translatedassert/unary_op.go:105.13,106.20 1 1
github.com/ToQoz/gopwt/translatedassert/unary_op.go:107.11,108.18 1 3
github.com/ToQoz/gopwt/translatedassert/unary_op.go:114.46,117.2 2 0
github.com/ToQoz/gopwt/translator/internal/types.go:16.120,46.16 3 1
github.com/ToQoz/gopwt/translator/internal/types.go:49.2,49.30 1 1
github.com/ToQoz/gopwt/translator/internal/types.go:53.2,53.19 1 1
github.com/ToQoz/gopwt/translator/internal/types.go:71.2,87.26 6 1
github.com/ToQoz/gopwt/translator/internal/types.go:92.2,94.13 2 1
github.com/ToQoz/gopwt/translator/internal/types.go:99.2,99.16 1 1
github.com/ToQoz/gopwt/translator/internal/types.go:103.2,103.18 1 1
github.com/ToQoz/gopwt/translator/internal/types.go:46.16,48.3 1 0
github.com/ToQoz/gopwt/translator/internal/types.go:49.30,52.3 1 1
github.com/ToQoz/gopwt/translator/internal/types.go:53.19,60.14 7 1
github.com/ToQoz/gopwt/translator/internal/types.go:63.3,64.39 2 1
github.com/ToQoz/gopwt/translator/internal/types.go:60.14,62.4 1 0
github.com/ToQoz/gopwt/translator/internal/types.go:64.39,66.4 1 0
github.com/ToQoz/gopwt/translator/internal/types.go:87.26,88.46 1 1
github.com/ToQoz/gopwt/translator/internal/types.go:88.46,90.4 1 0
github.com/ToQoz/gopwt/translator/internal/types.go:94.13,96.3 1 0
github.com/ToQoz/gopwt/translator/internal/types.go:96.8,98.3 1 1
github.com/ToQoz/gopwt/translator/internal/types.go:99.16,101.3 1 0
github.com/ToQoz/gopwt/translator/internal/types.go:106.61,107.18 1 18
github.com/ToQoz/gopwt/translator/internal/types.go:108.22,109.65 1 1
github.com/ToQoz/gopwt/translator/internal/types.go:110.21,111.64 1 1
github.com/ToQoz/gopwt/translator/internal/types.go:112.21,113.66 1 8
github.com/ToQoz/gopwt/translator/internal/types.go:114.25,115.35 1 3
github.com/ToQoz/gopwt/translator/internal/types.go:116.10,117.11 1 5
github.com/ToQoz/gopwt/translator/internal/types.go:121.63,122.17 1 8
github.com/ToQoz/gopwt/translator/internal/types.go:126.2,128.27 2 4
github.com/ToQoz/gopwt/translator/internal/types.go:148.2,148.27 1 0
github.com/ToQoz/gopwt/translator/internal/types.go:122.17,124.3 1 4
github.com/ToQoz/gopwt/translator/internal/types.go:129.103,130.14 1 1
github.com/ToQoz/gopwt/translator/internal/types.go:131.18,134.34 2 3
github.com/ToQoz/gopwt/translator/internal/types.go:138.3,138.39 1 2
github.com/ToQoz/gopwt/translator/internal/types.go:134.34,136.4 1 1
github.com/ToQoz/gopwt/translator/internal/types.go:138.39,139.20 1 2
github.com/ToQoz/gopwt/translator/internal/types.go:140.25,141.16 1 1
github.com/ToQoz/gopwt/translator/internal/types.go:142.12,143.17 1 1
github.com/ToQoz/gopwt/translator/internal/utils.go:10.22,11.16 1 3
github.com/ToQoz/gopwt/translator/internal/utils.go:11.16,12.13 1 1
github.com/ToQoz/gopwt/translator/internal/utils.go:16.50,17.26 1 2
github.com/ToQoz/gopwt/translator/internal/utils.go:23.2,23.14 1 1
github.com/ToQoz/gopwt/translator/internal/utils.go:17.26,18.16 1 2
github.com/ToQoz/gopwt/translator/internal/utils.go:18.16,20.4 1 1
github.com/ToQoz/gopwt/translator/internal/utils.go:26.47,27.26 1 2
github.com/ToQoz/gopwt/translator/internal/utils.go:33.2,33.14 1 1
github.com/ToQoz/gopwt/translator/internal/utils.go:27.26,28.18 1 4
github.com/ToQoz/gopwt/translator/internal/utils.go:28.18,30.4 1 1
github.com/ToQoz/gopwt/translator/internal/utils.go:36.36,37.53 1 5
github.com/ToQoz/gopwt/translator/internal/utils.go:42.2,42.14 1 1
github.com/ToQoz/gopwt/translator/internal/utils.go:37.53,38.67 1 5
github.com/ToQoz/gopwt/translator/internal/utils.go:38.67,40.4 1 4
github.com/ToQoz/gopwt/translator/internal/utils.go:45.34,47.2 1 5
github.com/ToQoz/gopwt/translator/internal/utils.go:49.35,52.2 2 4
github.com/ToQoz/gopwt/translator/internal/utils.go:54.39,57.2 2 0
github.com/ToQoz/gopwt/translator/internal/utils.go:59.37,62.2 2 25
github.com/ToQoz/gopwt/translator/internal/utils.go:64.41,67.2 2 11
github.com/ToQoz/gopwt/translator/internal/utils.go:69.44,71.2 1 10
github.com/ToQoz/gopwt/translator/internal/utils.go:73.48,75.37 2 3
github.com/ToQoz/gopwt/translator/internal/utils.go:82.2,82.17 1 3
github.com/ToQoz/gopwt/translator/internal/utils.go:75.37,76.36 1 2
github.com/ToQoz/gopwt/translator/internal/utils.go:80.3,80.14 1 0
github.com/ToQoz/gopwt/translator/internal/utils.go:76.36,79.4 2 2
github.com/ToQoz/gopwt/translator/internal/astutils.go:35.82,36.23 1 7
github.com/ToQoz/gopwt/translator/internal/astutils.go:83.2,83.93 1 0
github.com/ToQoz/gopwt/translator/internal/astutils.go:37.21,39.35 2 1
github.com/ToQoz/gopwt/translator/internal/astutils.go:45.25,47.18 2 1
github.com/ToQoz/gopwt/translator/internal/astutils.go:55.22,57.30 2 1
github.com/ToQoz/gopwt/translator/internal/astutils.go:61.22,63.26 2 1
github.com/ToQoz/gopwt/translator/internal/astutils.go:67.22,70.9 3 1
github.com/ToQoz/gopwt/translator/internal/astutils.go:71.23,73.18 2 2
github.com/ToQoz/gopwt/translator/internal/astutils.go:39.35,40.22 1 1
github.com/ToQoz/gopwt/translator/internal/astutils.go:40.22,43.5 2 1
github.com/ToQoz/gopwt/translator/internal/astutils.go:48.19,50.10 2 0
github.com/ToQoz/gopwt/translator/internal/astutils.go:51.21,53.10 2 1
github.com/ToQoz/gopwt/translator/internal/astutils.go:57.30,60.4 2 1
github.com/ToQoz/gopwt/translator/internal/astutils.go:63.26,66.4 2 1
github.com/ToQoz/gopwt/translator/internal/astutils.go:74.17,76.10 2 1
github.com/ToQoz/gopwt/translator/internal/astutils.go:77.17,79.10 2 1
github.com/ToQoz/gopwt/translator/internal/astutils.go:87.84,88.23 1 13
github.com/ToQoz/gopwt/translator/internal/astutils.go:131.2,131.89 1 0
github.com/ToQoz/gopwt/translator/internal/astutils.go:89.21,91.35 2 3
github.com/ToQoz/gopwt/translator/internal/astutils.go:97.25,99.18 2 3
github.com/ToQoz/gopwt/translator/internal/astutils.go:107.22,109.30 2 2
github.com/ToQoz/gopwt/translator/internal/astutils.go:113.22,115.26 2 2
github.com/ToQoz/gopwt/translator/internal/astutils.go:119.23,121.18 2 3
github.com/ToQoz/gopwt/translator/internal/astutils.go:91.35,92.22 1 4
github.com/ToQoz/gopwt/translator/internal/astutils.go:92.22,95.5 2 3
github.com/ToQoz/gopwt/translator/internal/astutils.go:100.19,102.10 2 1
github.com/ToQoz/gopwt/translator/internal/astutils.go:103.21,105.10 2 2
github.com/ToQoz/gopwt/translator/internal/astutils.go:109.30,112.4 2 2
github.com/ToQoz/gopwt/translator/internal/astutils.go:115.26,118.4 2 2
github.com/ToQoz/gopwt/translator/internal/astutils.go:122.17,124.10 2 2
github.com/ToQoz/gopwt/translator/internal/astutils.go:125.17,127.10 2 1
github.com/ToQoz/gopwt/translator/internal/astutils.go:135.55,136.42 1 1
github.com/ToQoz/gopwt/translator/internal/astutils.go:136.42,137.37 1 18
github.com/ToQoz/gopwt/translator/internal/astutils.go:143.3,143.14 1 18
github.com/ToQoz/gopwt/translator/internal/astutils.go:137.37,138.25 1 1
github.com/ToQoz/gopwt/translator/internal/astutils.go:138.25,140.5 1 1
github.com/ToQoz/gopwt/translator/internal/astutils.go:149.51,150.31 1 2
github.com/ToQoz/gopwt/translator/internal/astutils.go:172.2,172.12 1 0
github.com/ToQoz/gopwt/translator/internal/astutils.go:150.31,152.10 2 2
github.com/ToQoz/gopwt/translator/internal/astutils.go:155.3,155.27 1 2
github.com/ToQoz/gopwt/translator/internal/astutils.go:159.3,159.52 1 2
github.com/ToQoz/gopwt/translator/internal/astutils.go:163.3,163.34 1 2
github.com/ToQoz/gopwt/translator/internal/astutils.go:152.10,153.12 1 0
github.com/ToQoz/gopwt/translator/internal/astutils.go:155.27,156.12 1 0
github.com/ToQoz/gopwt/translator/internal/astutils.go:159.52,160.12 1 0
github.com/ToQoz/gopwt/translator/internal/astutils.go:163.34,166.59 2 2
github.com/ToQoz/gopwt/translator/internal/astutils.go:166.59,168.5 1 2
github.com/ToQoz/gopwt/translator/internal/astutils.go:176.51,179.31 2 3
github.com/ToQoz/gopwt/translator/internal/astutils.go:202.2,202.50 1 3
github.com/ToQoz/gopwt/translator/internal/astutils.go:206.2,206.31 1 3
github.com/ToQoz/gopwt/translator/internal/astutils.go:265.2,265.8 1 0
github.com/ToQoz/gopwt/translator/internal/astutils.go:179.31,181.10 2 6
github.com/ToQoz/gopwt/translator/internal/astutils.go:184.3,184.27 1 3
github.com/ToQoz/gopwt/translator/internal/astutils.go:188.3,188.52 1 3
github.com/ToQoz/gopwt/translator/internal/astutils.go:192.3,192.34 1 3
github.com/ToQoz/gopwt/translator/internal/astutils.go:181.10,182.12 1 3
github.com/ToQoz/gopwt/translator/internal/astutils.go:184.27,185.12 1 0
github.com/ToQoz/gopwt/translator/internal/astutils.go:188.52,189.12 1 0
github.com/ToQoz/gopwt/translator/internal/astutils.go:192.34,195.52 2 8
github.com/ToQoz/gopwt/translator/internal/astutils.go:195.52,198.5 2 2
github.com/ToQoz/gopwt/translator/internal/astutils.go:202.50,204.3 1 0
github.com/ToQoz/gopwt/translator/internal/astutils.go:206.31,208.10 2 6
github.com/ToQoz/gopwt/translator/internal/astutils.go:212.3,212.38 1 3
github.com/ToQoz/gopwt/translator/internal/astutils.go:208.10,209.12 1 3
github.com/ToQoz/gopwt/translator/internal/astutils.go:212.38,214.11 2 3
github.com/ToQoz/gopwt/translator/internal/astutils.go:218.4,219.11 2 3
github.com/ToQoz/gopwt/translator/internal/astutils.go:223.4,223.26 1 3
github.com/ToQoz/gopwt/translator/internal/astutils.go:214.11,215.13 1 0
github.com/ToQoz/gopwt/translator/internal/astutils.go:219.11,220.13 1 0
github.com/ToQoz/gopwt/translator/internal/astutils.go:223.26,225.12 2 2
github.com/ToQoz/gopwt/translator/internal/astutils.go:237.5,238.32 2 2
github.com/ToQoz/gopwt/translator/internal/astutils.go:241.5,241.80 1 2
github.com/ToQoz/gopwt/translator/internal/astutils.go:225.12,226.14 1 0
github.com/ToQoz/gopwt/translator/internal/astutils.go:238.32,240.6 1 1
github.com/ToQoz/gopwt/translator/internal/astutils.go:241.80,245.6 3 2
github.com/ToQoz/gopwt/translator/internal/astutils.go:246.10,253.12 2 1
github.com/ToQoz/gopwt/translator/internal/astutils.go:257.5,257.32 1 1
github.com/ToQoz/gopwt/translator/internal/astutils.go:253.12,254.14 1 0
github.com/ToQoz/gopwt/translator/internal/astutils.go:257.32,261.6 3 1
github.com/ToQoz/gopwt/translator/internal/astutils.go:269.51,270.44 1 5
github.com/ToQoz/gopwt/translator/internal/astutils.go:276.2,276.14 1 1
github.com/ToQoz/gopwt/translator/internal/astutils.go:270.44,271.41 1 5
github.com/ToQoz/gopwt/translator/internal/astutils.go:271.41,273.4 1 4
github.com/ToQoz/gopwt/translator/internal/astutils.go:279.42,280.37 1 4
github.com/ToQoz/gopwt/translator/internal/astutils.go:288.2,288.14 1 4
github.com/ToQoz/gopwt/translator/internal/astutils.go:280.37,281.34 1 0
github.com/ToQoz/gopwt/translator/internal/astutils.go:281.34,282.19 1 0
github.com/ToQoz/gopwt/translator/internal/astutils.go:282.19,284.5 1 0
github.com/ToQoz/gopwt/translator/internal/astutils.go:291.33,292.40 1 2
github.com/ToQoz/gopwt/translator/internal/astutils.go:297.2,297.14 1 0
github.com/ToQoz/gopwt/translator/internal/astutils.go:292.40,295.3 2 2
github.com/ToQoz/gopwt/translator/internal/astutils.go:300.43,302.2 1 1
github.com/ToQoz/gopwt/translator/internal/astutils.go:304.38,305.41 1 1
github.com/ToQoz/gopwt/translator/internal/astutils.go:309.2,309.14 1 0
github.com/ToQoz/gopwt/translator/internal/astutils.go:305.41,307.3 1 1
github.com/ToQoz/gopwt/translator/internal/astutils.go:312.45,313.39 1 3
github.com/ToQoz/gopwt/translator/internal/astutils.go:321.2,321.14 1 0
github.com/ToQoz/gopwt/translator/internal/astutils.go:313.39,314.47 1 3
github.com/ToQoz/gopwt/translator/internal/astutils.go:314.47,315.43 1 3
github.com/ToQoz/gopwt/translator/internal/astutils.go:315.43,317.5 1 3
github.com/ToQoz/gopwt/translator/internal/astutils.go:324.78,325.76 1 8
github.com/ToQoz/gopwt/translator/internal/astutils.go:332.2,334.14 2 8
github.com/ToQoz/gopwt/translator/internal/astutils.go:325.76,330.3 1 8
github.com/ToQoz/gopwt/translator/internal/astutils.go:335.65,336.40 1 6
github.com/ToQoz/gopwt/translator/internal/astutils.go:337.13,338.90 1 1
github.com/ToQoz/gopwt/translator/internal/astutils.go:339.14,343.38 4 1
github.com/ToQoz/gopwt/translator/internal/astutils.go:344.10,345.56 1 0
github.com/ToQoz/gopwt/translator/internal/astutils.go:349.41,351.7 2 3
github.com/ToQoz/gopwt/translator/internal/astutils.go:356.2,356.31 1 3
github.com/ToQoz/gopwt/translator/internal/astutils.go:351.7,353.3 1 1
github.com/ToQoz/gopwt/translator/internal/astutils.go:353.8,355.3 1 2
github.com/ToQoz/gopwt/translator/internal/astutils.go:361.64,362.64 1 0
github.com/ToQoz/gopwt/translator/internal/astutils.go:370.2,370.14 1 0
github.com/ToQoz/gopwt/translator/internal/astutils.go:381.2,381.10 1 0
github.com/ToQoz/gopwt/translator/internal/astutils.go:362.64,367.3 1 0
github.com/ToQoz/gopwt/translator/internal/astutils.go:371.17,372.34 1 0
github.com/ToQoz/gopwt/translator/internal/astutils.go:373.17,374.34 1 0
github.com/ToQoz/gopwt/translator/internal/astutils.go:375.17,376.34 1 0
github.com/ToQoz/gopwt/translator/internal/astutils.go:377.19,378.36 1 0
github.com/ToQoz/gopwt/translator/internal/astutils.go:386.66,387.76 1 25
github.com/ToQoz/gopwt/translator/internal/astutils.go:393.2,393.81 1 25
github.com/ToQoz/gopwt/translator/internal/astutils.go:420.2,420.14 1 25
github.com/ToQoz/gopwt/translator/internal/astutils.go:449.2,449.10 1 4
github.com/ToQoz/gopwt/translator/internal/astutils.go:387.76,392.3 1 19
github.com/ToQoz/gopwt/translator/internal/astutils.go:393.81,398.3 1 2
github.com/ToQoz/gopwt/translator/internal/astutils.go:421.17,422.39 1 9
github.com/ToQoz/gopwt/translator/internal/astutils.go:423.17,424.39 1 1
github.com/ToQoz/gopwt/translator/internal/astutils.go:425.17,426.39 1 1
github.com/ToQoz/gopwt/translator/internal/astutils.go:427.17,428.39 1 1
github.com/ToQoz/gopwt/translator/internal/astutils.go:429.17,430.39 1 1
github.com/ToQoz/gopwt/translator/internal/astutils.go:431.17,432.39 1 1
github.com/ToQoz/gopwt/translator/internal/astutils.go:433.16,434.38 1 1
github.com/ToQoz/gopwt/translator/internal/astutils.go:435.17,436.39 1 1
github.com/ToQoz/gopwt/translator/internal/astutils.go:437.21,438.42 1 1
github.com/ToQoz/gopwt/translator/internal/astutils.go:439.17,440.44 1 1
github.com/ToQoz/gopwt/translator/internal/astutils.go:441.17,442.44 1 1
github.com/ToQoz/gopwt/translator/internal/astutils.go:443.18,444.40 1 1
github.com/ToQoz/gopwt/translator/internal/astutils.go:445.17,446.39 1 1
github.com/ToQoz/gopwt/translator/internal/astutils.go:454.122,469.27 3 6
github.com/ToQoz/gopwt/translator/internal/astutils.go:472.2,480.3 2 6
github.com/ToQoz/gopwt/translator/internal/astutils.go:469.27,471.3 1 11
github.com/ToQoz/gopwt/translator/internal/astutils.go:484.61,487.33 2 9
github.com/ToQoz/gopwt/translator/internal/astutils.go:500.2,500.36 1 9
github.com/ToQoz/gopwt/translator/internal/astutils.go:504.2,504.25 1 9
github.com/ToQoz/gopwt/translator/internal/astutils.go:523.2,523.60 1 6
github.com/ToQoz/gopwt/translator/internal/astutils.go:487.33,488.17 1 5
github.com/ToQoz/gopwt/translator/internal/astutils.go:494.31,496.30 1 2
github.com/ToQoz/gopwt/translator/internal/astutils.go:500.36,502.3 1 1
github.com/ToQoz/gopwt/translator/internal/astutils.go:504.25,521.3 2 3
github.com/ToQoz/gopwt/translator/internal/astutils.go:526.60,534.2 1 0
github.com/ToQoz/gopwt/translator/internal/astutils.go:536.55,544.2 1 0
github.com/ToQoz/gopwt/translator/internal/astutils.go:546.57,554.2 1 20
github.com/ToQoz/gopwt/translator/internal/astutils.go:556.56,564.2 1 6
github.com/ToQoz/gopwt/translator/internal/astutils.go:566.56,569.23 2 1
github.com/ToQoz/gopwt/translator/internal/astutils.go:598.2,598.13 1 1
github.com/ToQoz/gopwt/translator/internal/astutils.go:569.23,571.44 2 3
github.com/ToQoz/gopwt/translator/internal/astutils.go:578.3,578.46 1 3
github.com/ToQoz/gopwt/translator/internal/astutils.go:582.3,595.25 2 3
github.com/ToQoz/gopwt/translator/internal/astutils.go:571.44,572.32 1 2
github.com/ToQoz/gopwt/translator/internal/astutils.go:572.32,574.5 1 0
github.com/ToQoz/gopwt/translator/internal/astutils.go:574.10,576.5 1 2
github.com/ToQoz/gopwt/translator/internal/astutils.go:578.46,580.4 1 0
github.com/ToQoz/gopwt/translator/internal/astutils.go:604.44,607.24 2 31
github.com/ToQoz/gopwt/translator/internal/astutils.go:611.2,615.26 3 3
github.com/ToQoz/gopwt/translator/internal/astutils.go:640.2,640.19 1 3
github.com/ToQoz/gopwt/translator/internal/astutils.go:607.24,609.3 1 28
github.com/ToQoz/gopwt/translator/internal/astutils.go:615.26,619.13 2 10
github.com/ToQoz/gopwt/translator/internal/astutils.go:619.13,621.4 1 3
github.com/ToQoz/gopwt/translator/internal/astutils.go:621.9,621.34 1 7
github.com/ToQoz/gopwt/translator/internal/astutils.go:621.34,627.4 1 3
github.com/ToQoz/gopwt/translator/internal/astutils.go:627.9,637.4 2 4
github.com/ToQoz/gopwt/translator/internal/astutils.go:643.63,652.2 1 1
github.com/ToQoz/gopwt/translator/internal/astutils.go:654.36,658.2 3 44
github.com/ToQoz/gopwt/translator/internal/astutils.go:660.50,662.2 1 44
github.com/ToQoz/gopwt/translator/internal/astutils.go:664.59,665.42 1 3
github.com/ToQoz/gopwt/translator/internal/astutils.go:665.42,666.19 1 140
github.com/ToQoz/gopwt/translator/internal/astutils.go:683.3,683.14 1 133
github.com/ToQoz/gopwt/translator/internal/astutils.go:667.22,670.41 2 7
github.com/ToQoz/gopwt/translator/internal/astutils.go:674.4,674.39 1 4
github.com/ToQoz/gopwt/translator/internal/astutils.go:679.4,680.16 2 4
github.com/ToQoz/gopwt/translator/internal/astutils.go:670.41,672.5 1 3
github.com/ToQoz/gopwt/translator/internal/astutils.go:674.39,677.5 1 0
github.com/ToQoz/gopwt/translator/internal/importpath.go:11.110,12.35 1 3
github.com/ToQoz/gopwt/translator/internal/importpath.go:16.2,16.53 1 3
github.com/ToQoz/gopwt/translator/internal/importpath.go:41.2,41.8 1 3
github.com/ToQoz/gopwt/translator/internal/importpath.go:12.35,14.3 1 1
github.com/ToQoz/gopwt/translator/internal/importpath.go:16.53,18.15 2 2
github.com/ToQoz/gopwt/translator/internal/importpath.go:23.3,24.46 2 2
github.com/ToQoz/gopwt/translator/internal/importpath.go:28.3,29.17 2 2
github.com/ToQoz/gopwt/translator/internal/importpath.go:18.15,21.4 2 0
github.com/ToQoz/gopwt/translator/internal/importpath.go:24.46,26.4 1 0
github.com/ToQoz/gopwt/translator/internal/importpath.go:29.17,31.4 1 0
github.com/ToQoz/gopwt/translator/internal/importpath.go:32.8,36.17 3 1
github.com/ToQoz/gopwt/translator/internal/importpath.go:36.17,38.4 1 0
github.com/ToQoz/gopwt/translator/internal/importpath.go:44.56,45.49 1 2
github.com/ToQoz/gopwt/translator/internal/importpath.go:58.2,58.92 1 0
github.com/ToQoz/gopwt/translator/internal/importpath.go:45.49,46.59 1 4
github.com/ToQoz/gopwt/translator/internal/importpath.go:46.59,47.64 1 4
github.com/ToQoz/gopwt/translator/internal/importpath.go:47.64,48.40 1 4
github.com/ToQoz/gopwt/translator/internal/importpath.go:48.40,53.6 3 2
github.com/ToQoz/gopwt/translator/internal/importpath.go:61.62,62.49 1 1
github.com/ToQoz/gopwt/translator/internal/importpath.go:68.2,68.106 1 0
github.com/ToQoz/gopwt/translator/internal/importpath.go:62.49,63.71 1 2
github.com/ToQoz/gopwt/translator/internal/importpath.go:63.71,65.4 1 1
github.com/ToQoz/gopwt/translator/internal/importpath.go:71.60,75.16 3 1
github.com/ToQoz/gopwt/translator/internal/importpath.go:79.2,79.34 1 1
github.com/ToQoz/gopwt/translator/internal/importpath.go:86.2,86.38 1 1
github.com/ToQoz/gopwt/translator/internal/importpath.go:102.2,102.18 1 1
github.com/ToQoz/gopwt/translator/internal/importpath.go:75.16,77.3 1 0
github.com/ToQoz/gopwt/translator/internal/importpath.go:79.34,80.24 1 2
github.com/ToQoz/gopwt/translator/internal/importpath.go:83.3,83.27 1 2
github.com/ToQoz/gopwt/translator/internal/importpath.go:80.24,81.12 1 0
github.com/ToQoz/gopwt/translator/internal/importpath.go:86.38,87.24 1 0
github.com/ToQoz/gopwt/translator/internal/importpath.go:91.3,92.28 2 0
github.com/ToQoz/gopwt/translator/internal/importpath.go:98.3,98.9 1 0
github.com/ToQoz/gopwt/translator/internal/importpath.go:87.24,88.12 1 0
github.com/ToQoz/gopwt/translator/internal/importpath.go:92.28,93.18 1 0
github.com/ToQoz/gopwt/translator/internal/importpath.go:93.18,95.5 1 0
github.com/ToQoz/gopwt/translator/internal/importpath.go:98.9,100.4 1 0
github.com/ToQoz/gopwt/translator/internal/translator.go:27.81,30.88 2 0
github.com/ToQoz/gopwt/translator/internal/translator.go:87.2,87.16 1 0
github.com/ToQoz/gopwt/translator/internal/translator.go:91.2,91.12 1 0
github.com/ToQoz/gopwt/translator/internal/translator.go:30.88,31.52 1 0
github.com/ToQoz/gopwt/translator/internal/translator.go:35.3,35.21 1 0
github.com/ToQoz/gopwt/translator/internal/translator.go:39.3,40.17 2 0
github.com/ToQoz/gopwt/translator/internal/translator.go:43.3,43.29 1 0
github.com/ToQoz/gopwt/translator/internal/translator.go:51.3,52.17 2 0
github.com/ToQoz/gopwt/translator/internal/translator.go:56.3,56.54 1 0
github.com/ToQoz/gopwt/translator/internal/translator.go:62.3,62.17 1 0
github.com/ToQoz/gopwt/translator/internal/translator.go:72.3,75.17 3 0
github.com/ToQoz/gopwt/translator/internal/translator.go:79.3,80.17 2 0
github.com/ToQoz/gopwt/translator/internal/translator.go:84.3,84.13 1 0
github.com/ToQoz/gopwt/translator/internal/translator.go:31.52,33.4 1 0
github.com/ToQoz/gopwt/translator/internal/translator.go:35.21,37.4 1 0
github.com/ToQoz/gopwt/translator/internal/translator.go:40.17,42.4 1 0
github.com/ToQoz/gopwt/translator/internal/translator.go:43.29,45.32 1 0
github.com/ToQoz/gopwt/translator/internal/translator.go:48.4,48.27 1 0
github.com/ToQoz/gopwt/translator/internal/translator.go:45.32,47.5 1 0
github.com/ToQoz/gopwt/translator/internal/translator.go:52.17,54.4 1 0
github.com/ToQoz/gopwt/translator/internal/translator.go:56.54,57.66 1 0
github.com/ToQoz/gopwt/translator/internal/translator.go:57.66,59.5 1 0
github.com/ToQoz/gopwt/translator/internal/translator.go:62.17,63.36 1 0
github.com/ToQoz/gopwt/translator/internal/translator.go:67.4,67.18 1 0
github.com/ToQoz/gopwt/translator/internal/translator.go:63.36,65.5 1 0
github.com/ToQoz/gopwt/translator/internal/translator.go:67.18,69.5 1 0
github.com/ToQoz/gopwt/translator/internal/translator.go:75.17,77.4 1 0
github.com/ToQoz/gopwt/translator/internal/translator.go:80.17,82.4 1 0
github.com/ToQoz/gopwt/translator/internal/translator.go:87.16,89.3 1 0
github.com/ToQoz/gopwt/translator/internal/translator.go:94.75,97.16 2 0
github.com/ToQoz/gopwt/translator/internal/translator.go:102.2,108.82 6 0
github.com/ToQoz/gopwt/translator/internal/translator.go:137.2,137.16 1 0
github.com/ToQoz/gopwt/translator/internal/translator.go:141.2,142.16 2 0
github.com/ToQoz/gopwt/translator/internal/translator.go:147.2,147.26 1 0
github.com/ToQoz/gopwt/translator/internal/translator.go:184.2,184.12 1 0
github.com/ToQoz/gopwt/translator/internal/translator.go:97.16,99.3 1 0
github.com/ToQoz/gopwt/translator/internal/translator.go:108.82,109.20 1 0
github.com/ToQoz/gopwt/translator/internal/translator.go:117.3,117.26 1 0
github.com/ToQoz/gopwt/translator/internal/translator.go:122.3,123.17 2 0
github.com/ToQoz/gopwt/translator/internal/translator.go:126.3,130.17 3 0
github.com/ToQoz/gopwt/translator/internal/translator.go:133.3,135.13 2 0
github.com/ToQoz/gopwt/translator/internal/translator.go:109.20,110.20 1 0
github.com/ToQoz/gopwt/translator/internal/translator.go:114.4,114.27 1 0
github.com/ToQoz/gopwt/translator/internal/translator.go:110.20,112.5 1 0
github.com/ToQoz/gopwt/translator/internal/translator.go:117.26,119.4 1 0
github.com/ToQoz/gopwt/translator/internal/translator.go:123.17,125.4 1 0
github.com/ToQoz/gopwt/translator/internal/translator.go:130.17,132.4 1 0
github.com/ToQoz/gopwt/translator/internal/translator.go:137.16,139.3 1 0
github.com/ToQoz/gopwt/translator/internal/translator.go:142.16,144.3 1 0
github.com/ToQoz/gopwt/translator/internal/translator.go:147.26,150.30 2 0
github.com/ToQoz/gopwt/translator/internal/translator.go:154.3,158.26 4 0
github.com/ToQoz/gopwt/translator/internal/translator.go:171.3,172.17 2 0
github.com/ToQoz/gopwt/translator/internal/translator.go:176.3,179.17 4 0
github.com/ToQoz/gopwt/translator/internal/translator.go:150.30,151.12 1 0
github.com/ToQoz/gopwt/translator/internal/translator.go:158.26,159.25 1 0
github.com/ToQoz/gopwt/translator/internal/translator.go:159.25,160.13 1 0
github.com/ToQoz/gopwt/translator/internal/translator.go:162.9,165.32 2 0
github.com/ToQoz/gopwt/translator/internal/translator.go:165.32,168.5 2 0
github.com/ToQoz/gopwt/translator/internal/translator.go:172.17,174.4 1 0
github.com/ToQoz/gopwt/translator/internal/translator.go:179.17,181.4 1 0
github.com/ToQoz/gopwt/translator/internal/translator.go:187.72,188.85 1 0
github.com/ToQoz/gopwt/translator/internal/translator.go:267.2,267.12 1 0
github.com/ToQoz/gopwt/translator/internal/translator.go:188.85,189.52 1 0
github.com/ToQoz/gopwt/translator/internal/translator.go:193.3,194.17 2 0
github.com/ToQoz/gopwt/translator/internal/translator.go:197.3,199.20 2 0
github.com/ToQoz/gopwt/translator/internal/translator.go:218.3,219.17 2 0
github.com/ToQoz/gopwt/translator/internal/translator.go:222.3,225.17 3 0
github.com/ToQoz/gopwt/translator/internal/translator.go:228.3,230.30 2 0
github.com/ToQoz/gopwt/translator/internal/translator.go:234.3,235.17 2 0
github.com/ToQoz/gopwt/translator/internal/translator.go:239.3,241.26 3 0
github.com/ToQoz/gopwt/translator/internal/translator.go:244.3,244.31 1 0
github.com/ToQoz/gopwt/translator/internal/translator.go:252.3,252.42 1 0
github.com/ToQoz/gopwt/translator/internal/translator.go:259.3,260.17 2 0
github.com/ToQoz/gopwt/translator/internal/translator.go:264.3,264.13 1 0
github.com/ToQoz/gopwt/translator/internal/translator.go:189.52,191.4 1 0
github.com/ToQoz/gopwt/translator/internal/translator.go:194.17,196.4 1 0
github.com/ToQoz/gopwt/translator/internal/translator.go:199.20,200.22 1 0
github.com/ToQoz/gopwt/translator/internal/translator.go:207.4,207.68 1 0
github.com/ToQoz/gopwt/translator/internal/translator.go:215.4,215.27 1 0
github.com/ToQoz/gopwt/translator/internal/translator.go:200.22,202.5 1 0
github.com/ToQoz/gopwt/translator/internal/translator.go:207.68,209.19 2 0
github.com/ToQoz/gopwt/translator/internal/translator.go:212.5,212.40 1 0
github.com/ToQoz/gopwt/translator/internal/translator.go:209.19,211.6 1 0
github.com/ToQoz/gopwt/translator/internal/translator.go:219.17,221.4 1 0
github.com/ToQoz/gopwt/translator/internal/translator.go:225.17,227.4 1 0
github.com/ToQoz/gopwt/translator/internal/translator.go:230.30,232.4 1 0
github.com/ToQoz/gopwt/translator/internal/translator.go:235.17,237.4 1 0
github.com/ToQoz/gopwt/translator/internal/translator.go:241.26,243.4 1 0
github.com/ToQoz/gopwt/translator/internal/translator.go:244.31,246.4 1 0
github.com/ToQoz/gopwt/translator/internal/translator.go:252.42,255.4 1 0
github.com/ToQoz/gopwt/translator/internal/translator.go:260.17,262.4 1 0
github.com/ToQoz/gopwt/translator/internal/translator.go:270.49,272.16 2 1
github.com/ToQoz/gopwt/translator/internal/translator.go:276.2,277.16 2 1
github.com/ToQoz/gopwt/translator/internal/translator.go:281.2,281.12 1 1
github.com/ToQoz/gopwt/translator/internal/translator.go:272.16,274.3 1 0
github.com/ToQoz/gopwt/translator/internal/translator.go:277.16,279.3 1 0
github.com/ToQoz/gopwt/translator/internal/translator.go:284.123,286.48 2 1
github.com/ToQoz/gopwt/translator/internal/translator.go:289.2,290.44 2 1
github.com/ToQoz/gopwt/translator/internal/translator.go:296.2,297.16 2 1
github.com/ToQoz/gopwt/translator/internal/translator.go:300.2,300.12 1 1
github.com/ToQoz/gopwt/translator/internal/translator.go:286.48,288.3 1 1
github.com/ToQoz/gopwt/translator/internal/translator.go:290.44,294.3 3 1
github.com/ToQoz/gopwt/translator/internal/translator.go:297.16,299.3 1 0
github.com/ToQoz/gopwt/translator/internal/translator.go:304.85,316.21 8 1
github.com/ToQoz/gopwt/translator/internal/translator.go:321.2,331.27 7 1
github.com/ToQoz/gopwt/translator/internal/translator.go:342.2,345.42 3 1
github.com/ToQoz/gopwt/translator/internal/translator.go:348.2,365.68 8 1
github.com/ToQoz/gopwt/translator/internal/translator.go:316.21,317.34 1 1
github.com/ToQoz/gopwt/translator/internal/translator.go:317.34,319.4 1 1
github.com/ToQoz/gopwt/translator/internal/translator.go:331.27,335.3 3 1
github.com/ToQoz/gopwt/translator/internal/translator.go:335.8,335.41 1 0
github.com/ToQoz/gopwt/translator/internal/translator.go:335.41,339.3 3 0
github.com/ToQoz/gopwt/translator/internal/translator.go:345.42,347.3 1 1
github.com/ToQoz/gopwt/translator/internal/translator.go:374.83,376.2 1 40
github.com/ToQoz/gopwt/translator/internal/translator.go:378.133,383.18 3 44
github.com/ToQoz/gopwt/translator/internal/translator.go:531.2,531.11 1 44
github.com/ToQoz/gopwt/translator/internal/translator.go:384.21,386.61 2 6
github.com/ToQoz/gopwt/translator/internal/translator.go:387.25,391.30 3 8
github.com/ToQoz/gopwt/translator/internal/translator.go:394.25,397.24 2 2
github.com/ToQoz/gopwt/translator/internal/translator.go:401.3,401.87 1 2
github.com/ToQoz/gopwt/translator/internal/translator.go:402.18,408.23 1 15
github.com/ToQoz/gopwt/translator/internal/translator.go:413.3,413.61 1 15
github.com/ToQoz/gopwt/translator/internal/translator.go:414.22,416.83 2 0
github.com/ToQoz/gopwt/translator/internal/translator.go:417.21,420.83 3 1
github.com/ToQoz/gopwt/translator/internal/translator.go:422.22,428.9 4 0
github.com/ToQoz/gopwt/translator/internal/translator.go:436.3,436.24 1 0
github.com/ToQoz/gopwt/translator/internal/translator.go:437.23,446.19 6 4
github.com/ToQoz/gopwt/translator/internal/translator.go:450.3,452.24 3 4
github.com/ToQoz/gopwt/translator/internal/translator.go:453.22,463.87 4 2
github.com/ToQoz/gopwt/translator/internal/translator.go:464.25,467.65 3 0
github.com/ToQoz/gopwt/translator/internal/translator.go:468.21,470.23 2 4
github.com/ToQoz/gopwt/translator/internal/translator.go:522.22,526.15 4 2
github.com/ToQoz/gopwt/translator/internal/translator.go:391.30,393.4 1 4
github.com/ToQoz/gopwt/translator/internal/translator.go:397.24,399.4 1 1
github.com/ToQoz/gopwt/translator/internal/translator.go:408.23,409.92 1 0
github.com/ToQoz/gopwt/translator/internal/translator.go:409.92,411.5 1 0
github.com/ToQoz/gopwt/translator/internal/translator.go:428.9,432.4 3 0
github.com/ToQoz/gopwt/translator/internal/translator.go:432.9,434.4 1 0
github.com/ToQoz/gopwt/translator/internal/translator.go:446.19,448.4 1 0
github.com/ToQoz/gopwt/translator/internal/translator.go:470.23,474.31 3 0
github.com/ToQoz/gopwt/translator/internal/translator.go:478.4,478.17 1 0
github.com/ToQoz/gopwt/translator/internal/translator.go:474.31,476.5 1 0
github.com/ToQoz/gopwt/translator/internal/translator.go:479.9,479.44 1 4
github.com/ToQoz/gopwt/translator/internal/translator.go:479.44,481.23 1 0
github.com/ToQoz/gopwt/translator/internal/translator.go:487.4,502.17 5 0
github.com/ToQoz/gopwt/translator/internal/translator.go:481.23,482.52 1 0
github.com/ToQoz/gopwt/translator/internal/translator.go:483.10,483.30 1 0
github.com/ToQoz/gopwt/translator/internal/translator.go:483.30,484.50 1 0
github.com/ToQoz/gopwt/translator/internal/translator.go:503.9,505.31 2 4
github.com/ToQoz/gopwt/translator/internal/translator.go:509.4,511.77 2 4
github.com/ToQoz/gopwt/translator/internal/translator.go:517.4,520.19 3 4
github.com/ToQoz/gopwt/translator/internal/translator.go:505.31,507.5 1 8
github.com/ToQoz/gopwt/translator/internal/translator.go:511.77,513.5 1 0
github.com/ToQoz/gopwt/translator/internal/translator.go:513.10,515.5 1 4
github.com/ToQoz/gopwt/translator/internal/translator.go:526.15,528.4 1 1
github.com/ToQoz/gopwt/translator/internal/translator.go:539.40,540.18 1 8
github.com/ToQoz/gopwt/translator/internal/translator.go:541.22,543.27 2 1
github.com/ToQoz/gopwt/translator/internal/translator.go:544.25,546.28 2 1
github.com/ToQoz/gopwt/translator/internal/translator.go:547.23,549.17 2 2
github.com/ToQoz/gopwt/translator/internal/translator.go:550.22,552.26 2 1
github.com/ToQoz/gopwt/translator/internal/translator.go:553.10,554.17 1 3
github.com/ToQoz/gopwt/main.go:24.16,25.34 1 0
github.com/ToQoz/gopwt/main.go:29.2,29.33 1 0
github.com/ToQoz/gopwt/main.go:42.2,42.12 1 0
github.com/ToQoz/gopwt/main.go:25.34,27.3 1 0
github.com/ToQoz/gopwt/main.go:29.33,32.47 2 0
github.com/ToQoz/gopwt/main.go:40.3,40.15 1 0
github.com/ToQoz/gopwt/main.go:32.47,33.55 1 0
github.com/ToQoz/gopwt/main.go:33.55,35.5 1 0
github.com/ToQoz/gopwt/main.go:35.10,36.103 1 0
github.com/ToQoz/gopwt/main.go:44.21,45.20 1 0
github.com/ToQoz/gopwt/main.go:48.2,48.35 1 0
github.com/ToQoz/gopwt/main.go:56.2,58.39 3 0
github.com/ToQoz/gopwt/main.go:61.2,61.39 1 0
github.com/ToQoz/gopwt/main.go:65.2,66.36 2 0
github.com/ToQoz/gopwt/main.go:69.2,69.16 1 0
github.com/ToQoz/gopwt/main.go:73.2,73.61 1 0
github.com/ToQoz/gopwt/main.go:45.20,47.3 1 0
github.com/ToQoz/gopwt/main.go:48.35,49.25 1 0
github.com/ToQoz/gopwt/main.go:49.25,50.35 1 0
github.com/ToQoz/gopwt/main.go:50.35,52.5 1 0
github.com/ToQoz/gopwt/main.go:58.39,60.3 1 0
github.com/ToQoz/gopwt/main.go:61.39,63.3 1 0
github.com/ToQoz/gopwt/main.go:66.36,68.3 1 0
github.com/ToQoz/gopwt/main.go:69.16,71.3 1 0
github.com/ToQoz/gopwt/main.go:76.80,77.31 1 2
github.com/ToQoz/gopwt/main.go:90.2,92.13 2 2
github.com/ToQoz/gopwt/main.go:95.2,98.18 4 2
github.com/ToQoz/gopwt/main.go:77.31,81.17 2 0
github.com/ToQoz/gopwt/main.go:81.17,83.4 1 0
github.com/ToQoz/gopwt/main.go:84.8,86.17 2 2
github.com/ToQoz/gopwt/main.go:86.17,88.4 1 0
github.com/ToQoz/gopwt/main.go:92.13,94.3 1 0
github.com/ToQoz/gopwt/term.go:13.20,15.2 1 0
github.com/ToQoz/gopwt/term.go:17.34,31.2 3 0
